2023-10-09 22:19:08,848 - WARNING - weibo.py[:1008] - 未能抓取完整评论 微博id: 4954901345207820
2023-10-09 22:19:13,997 - WARNING - weibo.py[:1066] - 未能抓取完整转发 微博id: 4954901345207820
2023-10-09 22:19:22,545 - WARNING - weibo.py[:1008] - 未能抓取完整评论 微博id: 4954599356893911
2023-10-09 22:19:28,705 - WARNING - weibo.py[:1066] - 未能抓取完整转发 微博id: 4954599356893911
2023-10-09 22:19:40,297 - WARNING - weibo.py[:1008] - 未能抓取完整评论 微博id: 4954538954459468
2023-10-09 22:19:43,452 - WARNING - weibo.py[:1066] - 未能抓取完整转发 微博id: 4954538954459468
2023-10-09 22:19:52,100 - WARNING - weibo.py[:1008] - 未能抓取完整评论 微博id: 4951837645210914
2023-10-09 22:19:58,212 - WARNING - weibo.py[:1066] - 未能抓取完整转发 微博id: 4951837645210914
2023-10-09 22:20:03,889 - WARNING - weibo.py[:1008] - 未能抓取完整评论 微博id: 4947773079158815
2023-10-09 22:20:10,031 - WARNING - weibo.py[:1066] - 未能抓取完整转发 微博id: 4947773079158815
2023-10-09 22:20:21,817 - WARNING - weibo.py[:1008] - 未能抓取完整评论 微博id: 4947320250303612
2023-10-09 22:20:28,947 - WARNING - weibo.py[:1066] - 未能抓取完整转发 微博id: 4947320250303612
2023-10-09 22:20:35,997 - WARNING - weibo.py[:1008] - 未能抓取完整评论 微博id: 4944598297740136
2023-10-09 22:20:42,196 - WARNING - weibo.py[:1066] - 未能抓取完整转发 微博id: 4944598297740136
2023-10-09 22:20:51,067 - WARNING - weibo.py[:1008] - 未能抓取完整评论 微博id: 4944482783466211
2023-10-09 22:20:56,283 - WARNING - weibo.py[:1066] - 未能抓取完整转发 微博id: 4944482783466211
2023-10-09 22:21:04,124 - WARNING - weibo.py[:1008] - 未能抓取完整评论 微博id: 4944399279327480
2023-10-09 22:21:07,307 - WARNING - weibo.py[:1066] - 未能抓取完整转发 微博id: 4944399279327480
2023-10-09 22:21:15,104 - WARNING - weibo.py[:1008] - 未能抓取完整评论 微博id: 4944106116617230
2023-10-09 22:21:18,721 - WARNING - weibo.py[:1066] - 未能抓取完整转发 微博id: 4944106116617230
2023-10-09 22:21:23,949 - WARNING - weibo.py[:1008] - 未能抓取完整评论 微博id: 4943743373543979
2023-10-09 22:21:27,130 - WARNING - weibo.py[:1066] - 未能抓取完整转发 微博id: 4943743373543979
2023-10-09 22:21:32,899 - WARNING - weibo.py[:1008] - 未能抓取完整评论 微博id: 4943380536888053
2023-10-09 22:21:37,064 - WARNING - weibo.py[:1066] - 未能抓取完整转发 微博id: 4943380536888053
2023-10-09 22:21:45,999 - WARNING - weibo.py[:1008] - 未能抓取完整评论 微博id: 4942689130777902
2023-10-09 22:21:50,173 - WARNING - weibo.py[:1066] - 未能抓取完整转发 微博id: 4942689130777902
2023-10-09 22:22:04,589 - WARNING - weibo.py[:1008] - 未能抓取完整评论 微博id: 4941589158040584
2023-10-09 22:22:12,467 - WARNING - weibo.py[:1066] - 未能抓取完整转发 微博id: 4941589158040584
2023-10-09 22:22:21,364 - WARNING - weibo.py[:1008] - 未能抓取完整评论 微博id: 4939296124966079
2023-10-09 22:22:25,642 - WARNING - weibo.py[:1066] - 未能抓取完整转发 微博id: 4939296124966079
2023-10-09 22:22:36,842 - WARNING - weibo.py[:1008] - 未能抓取完整评论 微博id: 4939047052512312
2023-10-09 22:22:42,059 - WARNING - weibo.py[:1066] - 未能抓取完整转发 微博id: 4939047052512312
2023-10-09 22:22:47,935 - WARNING - weibo.py[:1008] - 未能抓取完整评论 微博id: 4938684654161409
2023-10-09 22:22:53,157 - WARNING - weibo.py[:1066] - 未能抓取完整转发 微博id: 4938684654161409
2023-10-09 22:22:58,017 - WARNING - weibo.py[:1008] - 未能抓取完整评论 微博id: 4938031813363713
2023-10-09 22:23:04,163 - WARNING - weibo.py[:1066] - 未能抓取完整转发 微博id: 4938031813363713
2023-10-09 22:23:10,892 - WARNING - weibo.py[:1008] - 未能抓取完整评论 微博id: 4936122667107855
2023-10-09 22:23:16,060 - WARNING - weibo.py[:1066] - 未能抓取完整转发 微博id: 4936122667107855
2023-10-09 22:23:25,715 - WARNING - weibo.py[:1008] - 未能抓取完整评论 微博id: 4934622733141145
2023-10-09 22:23:28,905 - WARNING - weibo.py[:1066] - 未能抓取完整转发 微博id: 4934622733141145
2023-10-09 22:32:08,774 - WARNING - weibo.py[:1008] - 未能抓取完整评论 微博id: 4952319584633555
2023-10-09 22:32:14,881 - WARNING - weibo.py[:1066] - 未能抓取完整转发 微博id: 4952319584633555
2023-10-09 22:32:24,491 - WARNING - weibo.py[:1008] - 未能抓取完整评论 微博id: 4951232164923466
2023-10-09 22:32:28,620 - WARNING - weibo.py[:1066] - 未能抓取完整转发 微博id: 4951232164923466
2023-10-09 22:32:38,229 - WARNING - weibo.py[:1008] - 未能抓取完整评论 微博id: 4951046352799362
2023-10-09 22:32:43,396 - WARNING - weibo.py[:1066] - 未能抓取完整转发 微博id: 4951046352799362
2023-10-09 22:32:51,038 - WARNING - weibo.py[:1008] - 未能抓取完整评论 微博id: 4950979764290708
2023-10-09 22:32:57,148 - WARNING - weibo.py[:1066] - 未能抓取完整转发 微博id: 4950979764290708
2023-10-09 22:33:07,857 - WARNING - weibo.py[:1008] - 未能抓取完整评论 微博id: 4950689005965213
2023-10-09 22:33:14,032 - WARNING - weibo.py[:1066] - 未能抓取完整转发 微博id: 4950689005965213
2023-10-09 22:33:24,640 - WARNING - weibo.py[:1008] - 未能抓取完整评论 微博id: 4950264111433993
2023-10-09 22:33:28,768 - WARNING - weibo.py[:1066] - 未能抓取完整转发 微博id: 4950264111433993
2023-10-09 22:33:35,314 - WARNING - weibo.py[:1008] - 未能抓取完整评论 微博id: 4949223487837570
2023-10-09 22:33:41,403 - WARNING - weibo.py[:1066] - 未能抓取完整转发 微博id: 4949223487837570
2023-10-09 22:33:50,086 - WARNING - weibo.py[:1008] - 未能抓取完整评论 微博id: 4948904833190636
2023-10-09 22:33:55,272 - WARNING - weibo.py[:1066] - 未能抓取完整转发 微博id: 4948904833190636
2023-10-09 22:34:04,037 - WARNING - weibo.py[:1008] - 未能抓取完整评论 微博id: 4947752490635426
2023-10-09 22:34:08,219 - WARNING - weibo.py[:1066] - 未能抓取完整转发 微博id: 4947752490635426
2023-10-09 22:34:13,850 - WARNING - weibo.py[:1008] - 未能抓取完整评论 微博id: 4947738510229678
2023-10-09 22:34:17,961 - WARNING - weibo.py[:1066] - 未能抓取完整转发 微博id: 4947738510229678
2023-10-09 22:34:20,540 - WARNING - weibo.py[:1008] - 未能抓取完整评论 微博id: 4945447083574267
2023-10-09 22:34:25,988 - ERROR - weibo.py[:1968] - HTTPSConnectionPool(host='m.weibo.cn', port=443): Max retries exceeded with url: /api/statuses/repostTimeline?id=4945447083574267&page=1 (Caused by SSLError(SSLEOFError(8, 'EOF occurred in violation of protocol (_ssl.c:1129)')))
urllib3.exceptions.SSLError: EOF occurred in violation of protocol (_ssl.c:1129)

The above exception was the direct cause of the following exception:

Traceback (most recent call last):
  File "/Users/kshao/Desktop/weibo-crawler-master/venv/lib/python3.9/site-packages/requests/adapters.py", line 486, in send
    resp = conn.urlopen(
  File "/Users/kshao/Desktop/weibo-crawler-master/venv/lib/python3.9/site-packages/urllib3/connectionpool.py", line 844, in urlopen
    retries = retries.increment(
  File "/Users/kshao/Desktop/weibo-crawler-master/venv/lib/python3.9/site-packages/urllib3/util/retry.py", line 515, in increment
    raise MaxRetryError(_pool, url, reason) from reason  # type: ignore[arg-type]
urllib3.exceptions.MaxRetryError: HTTPSConnectionPool(host='m.weibo.cn', port=443): Max retries exceeded with url: /api/statuses/repostTimeline?id=4945447083574267&page=1 (Caused by SSLError(SSLEOFError(8, 'EOF occurred in violation of protocol (_ssl.c:1129)')))

During handling of the above exception, another exception occurred:

Traceback (most recent call last):
  File "/Users/kshao/Desktop/weibo-crawler-master/weibo.py", line 1965, in get_pages
    self.write_data(wrote_count)  # 将剩余不足20页的微博写入文件
  File "/Users/kshao/Desktop/weibo-crawler-master/weibo.py", line 1915, in write_data
    self.weibo_to_sqlite(wrote_count)
  File "/Users/kshao/Desktop/weibo-crawler-master/weibo.py", line 1618, in weibo_to_sqlite
    self.get_weibo_reposts(
  File "/Users/kshao/Desktop/weibo-crawler-master/weibo.py", line 919, in get_weibo_reposts
    self._get_weibo_reposts_cookie(weibo, 0, max_count, 1, on_downloaded)
  File "/Users/kshao/Desktop/weibo-crawler-master/weibo.py", line 1056, in _get_weibo_reposts_cookie
    req = requests.get(
  File "/Users/kshao/Desktop/weibo-crawler-master/venv/lib/python3.9/site-packages/requests/api.py", line 73, in get
    return request("get", url, params=params, **kwargs)
  File "/Users/kshao/Desktop/weibo-crawler-master/venv/lib/python3.9/site-packages/requests/api.py", line 59, in request
    return session.request(method=method, url=url, **kwargs)
  File "/Users/kshao/Desktop/weibo-crawler-master/venv/lib/python3.9/site-packages/requests/sessions.py", line 589, in request
    resp = self.send(prep, **send_kwargs)
  File "/Users/kshao/Desktop/weibo-crawler-master/venv/lib/python3.9/site-packages/requests/sessions.py", line 703, in send
    r = adapter.send(request, **kwargs)
  File "/Users/kshao/Desktop/weibo-crawler-master/venv/lib/python3.9/site-packages/requests/adapters.py", line 517, in send
    raise SSLError(e, request=request)
requests.exceptions.SSLError: HTTPSConnectionPool(host='m.weibo.cn', port=443): Max retries exceeded with url: /api/statuses/repostTimeline?id=4945447083574267&page=1 (Caused by SSLError(SSLEOFError(8, 'EOF occurred in violation of protocol (_ssl.c:1129)')))
2023-10-09 23:01:07,812 - WARNING - weibo.py[:1008] - 未能抓取完整评论 微博id: 4954901345207820
2023-10-09 23:01:11,941 - WARNING - weibo.py[:1066] - 未能抓取完整转发 微博id: 4954901345207820
2023-10-09 23:01:21,694 - WARNING - weibo.py[:1008] - 未能抓取完整评论 微博id: 4954599356893911
2023-10-09 23:01:26,838 - WARNING - weibo.py[:1066] - 未能抓取完整转发 微博id: 4954599356893911
2023-10-09 23:01:34,548 - WARNING - weibo.py[:1008] - 未能抓取完整评论 微博id: 4954538954459468
2023-10-09 23:01:39,706 - WARNING - weibo.py[:1066] - 未能抓取完整转发 微博id: 4954538954459468
2023-10-09 23:01:51,367 - WARNING - weibo.py[:1008] - 未能抓取完整评论 微博id: 4951837645210914
2023-10-09 23:01:56,518 - WARNING - weibo.py[:1066] - 未能抓取完整转发 微博id: 4951837645210914
2023-10-09 23:02:04,134 - WARNING - weibo.py[:1008] - 未能抓取完整评论 微博id: 4947773079158815
2023-10-09 23:02:08,267 - WARNING - weibo.py[:1066] - 未能抓取完整转发 微博id: 4947773079158815
2023-10-09 23:02:16,226 - WARNING - weibo.py[:1008] - 未能抓取完整评论 微博id: 4947320250303612
2023-10-09 23:02:20,380 - WARNING - weibo.py[:1066] - 未能抓取完整转发 微博id: 4947320250303612
2023-10-09 23:02:28,949 - WARNING - weibo.py[:1008] - 未能抓取完整评论 微博id: 4944598297740136
2023-10-09 23:02:35,089 - WARNING - weibo.py[:1066] - 未能抓取完整转发 微博id: 4944598297740136
2023-10-09 23:02:44,743 - WARNING - weibo.py[:1008] - 未能抓取完整评论 微博id: 4944482783466211
2023-10-09 23:02:49,863 - WARNING - weibo.py[:1066] - 未能抓取完整转发 微博id: 4944482783466211
2023-10-09 23:02:57,461 - WARNING - weibo.py[:1008] - 未能抓取完整评论 微博id: 4944399279327480
2023-10-09 23:03:00,634 - WARNING - weibo.py[:1066] - 未能抓取完整转发 微博id: 4944399279327480
2023-10-09 23:03:11,472 - WARNING - weibo.py[:1008] - 未能抓取完整评论 微博id: 4944106116617230
2023-10-09 23:03:14,624 - WARNING - weibo.py[:1066] - 未能抓取完整转发 微博id: 4944106116617230
2023-10-09 23:03:18,261 - WARNING - weibo.py[:1008] - 未能抓取完整评论 微博id: 4943743373543979
2023-10-09 23:03:23,398 - WARNING - weibo.py[:1066] - 未能抓取完整转发 微博id: 4943743373543979
2023-10-09 23:03:30,092 - WARNING - weibo.py[:1008] - 未能抓取完整评论 微博id: 4943380536888053
2023-10-09 23:03:37,314 - WARNING - weibo.py[:1066] - 未能抓取完整转发 微博id: 4943380536888053
2023-10-09 23:03:45,895 - WARNING - weibo.py[:1008] - 未能抓取完整评论 微博id: 4942689130777902
2023-10-09 23:03:51,001 - WARNING - weibo.py[:1066] - 未能抓取完整转发 微博id: 4942689130777902
2023-10-09 23:03:59,609 - WARNING - weibo.py[:1008] - 未能抓取完整评论 微博id: 4941589158040584
2023-10-09 23:04:03,749 - WARNING - weibo.py[:1066] - 未能抓取完整转发 微博id: 4941589158040584
2023-10-09 23:04:13,593 - WARNING - weibo.py[:1008] - 未能抓取完整评论 微博id: 4939296124966079
2023-10-09 23:04:17,861 - WARNING - weibo.py[:1066] - 未能抓取完整转发 微博id: 4939296124966079
2023-10-09 23:04:27,773 - WARNING - weibo.py[:1008] - 未能抓取完整评论 微博id: 4939047052512312
2023-10-09 23:04:32,926 - WARNING - weibo.py[:1066] - 未能抓取完整转发 微博id: 4939047052512312
2023-10-09 23:04:42,549 - WARNING - weibo.py[:1008] - 未能抓取完整评论 微博id: 4938684654161409
2023-10-09 23:04:47,706 - WARNING - weibo.py[:1066] - 未能抓取完整转发 微博id: 4938684654161409
2023-10-09 23:04:56,303 - WARNING - weibo.py[:1008] - 未能抓取完整评论 微博id: 4938031813363713
2023-10-09 23:05:02,452 - WARNING - weibo.py[:1066] - 未能抓取完整转发 微博id: 4938031813363713
2023-10-09 23:05:11,105 - WARNING - weibo.py[:1008] - 未能抓取完整评论 微博id: 4936122667107855
2023-10-09 23:05:15,246 - WARNING - weibo.py[:1066] - 未能抓取完整转发 微博id: 4936122667107855
2023-10-09 23:05:20,899 - WARNING - weibo.py[:1008] - 未能抓取完整评论 微博id: 4934622733141145
2023-10-09 23:05:27,043 - WARNING - weibo.py[:1066] - 未能抓取完整转发 微博id: 4934622733141145
2023-10-09 23:11:46,237 - WARNING - weibo.py[:1008] - 未能抓取完整评论 微博id: 4952319584633555
2023-10-09 23:11:49,389 - WARNING - weibo.py[:1066] - 未能抓取完整转发 微博id: 4952319584633555
2023-10-09 23:12:00,111 - WARNING - weibo.py[:1008] - 未能抓取完整评论 微博id: 4951232164923466
2023-10-09 23:12:03,280 - WARNING - weibo.py[:1066] - 未能抓取完整转发 微博id: 4951232164923466
2023-10-09 23:12:12,665 - WARNING - weibo.py[:1066] - 未能抓取完整转发 微博id: 4951046352799362
2023-10-09 23:12:19,339 - WARNING - weibo.py[:1008] - 未能抓取完整评论 微博id: 4950979764290708
2023-10-09 23:12:25,544 - WARNING - weibo.py[:1066] - 未能抓取完整转发 微博id: 4950979764290708
2023-10-09 23:12:33,504 - WARNING - weibo.py[:1008] - 未能抓取完整评论 微博id: 4950689005965213
2023-10-09 23:12:39,664 - WARNING - weibo.py[:1066] - 未能抓取完整转发 微博id: 4950689005965213
2023-10-09 23:12:47,383 - WARNING - weibo.py[:1008] - 未能抓取完整评论 微博id: 4950264111433993
2023-10-09 23:12:52,624 - WARNING - weibo.py[:1066] - 未能抓取完整转发 微博id: 4950264111433993
2023-10-09 23:13:00,372 - WARNING - weibo.py[:1008] - 未能抓取完整评论 微博id: 4949223487837570
2023-10-09 23:13:04,529 - WARNING - weibo.py[:1066] - 未能抓取完整转发 微博id: 4949223487837570
2023-10-09 23:13:11,283 - WARNING - weibo.py[:1008] - 未能抓取完整评论 微博id: 4948904833190636
2023-10-09 23:13:17,475 - WARNING - weibo.py[:1066] - 未能抓取完整转发 微博id: 4948904833190636
2023-10-09 23:13:28,232 - WARNING - weibo.py[:1008] - 未能抓取完整评论 微博id: 4947752490635426
2023-10-09 23:13:33,387 - WARNING - weibo.py[:1066] - 未能抓取完整转发 微博id: 4947752490635426
2023-10-09 23:13:41,038 - WARNING - weibo.py[:1008] - 未能抓取完整评论 微博id: 4947738510229678
2023-10-09 23:13:44,202 - WARNING - weibo.py[:1066] - 未能抓取完整转发 微博id: 4947738510229678
2023-10-09 23:13:45,940 - WARNING - weibo.py[:1008] - 未能抓取完整评论 微博id: 4945447083574267
2023-10-09 23:13:51,112 - WARNING - weibo.py[:1066] - 未能抓取完整转发 微博id: 4945447083574267
2023-10-09 23:13:56,850 - WARNING - weibo.py[:1008] - 未能抓取完整评论 微博id: 4944363908235866
2023-10-09 23:14:01,020 - WARNING - weibo.py[:1066] - 未能抓取完整转发 微博id: 4944363908235866
2023-10-09 23:14:09,675 - WARNING - weibo.py[:1008] - 未能抓取完整评论 微博id: 4943033139728750
2023-10-09 23:14:13,849 - WARNING - weibo.py[:1066] - 未能抓取完整转发 微博id: 4943033139728750
2023-10-09 23:14:23,560 - WARNING - weibo.py[:1008] - 未能抓取完整评论 微博id: 4942898754487281
2023-10-09 23:14:29,745 - WARNING - weibo.py[:1066] - 未能抓取完整转发 微博id: 4942898754487281
2023-10-09 23:14:37,505 - WARNING - weibo.py[:1008] - 未能抓取完整评论 微博id: 4940798413768158
2023-10-09 23:14:42,693 - WARNING - weibo.py[:1066] - 未能抓取完整转发 微博id: 4940798413768158
2023-10-09 23:14:53,598 - WARNING - weibo.py[:1008] - 未能抓取完整评论 微博id: 4938762711731803
2023-10-09 23:14:57,924 - WARNING - weibo.py[:1066] - 未能抓取完整转发 微博id: 4938762711731803
2023-10-09 23:15:02,881 - WARNING - weibo.py[:1008] - 未能抓取完整评论 微博id: 4937939220697880
2023-10-09 23:15:07,052 - WARNING - weibo.py[:1066] - 未能抓取完整转发 微博id: 4937939220697880
2023-10-09 23:15:19,737 - WARNING - weibo.py[:1066] - 未能抓取完整转发 微博id: 4937621183139118
2023-10-09 23:15:30,627 - WARNING - weibo.py[:1008] - 未能抓取完整评论 微博id: 4937587259608203
2023-10-09 23:15:36,817 - WARNING - weibo.py[:1066] - 未能抓取完整转发 微博id: 4937587259608203
2023-10-09 23:15:42,610 - WARNING - weibo.py[:1008] - 未能抓取完整评论 微博id: 4936389365601599
2023-10-09 23:15:46,835 - WARNING - weibo.py[:1066] - 未能抓取完整转发 微博id: 4936389365601599
2023-10-09 23:15:52,764 - WARNING - weibo.py[:1008] - 未能抓取完整评论 微博id: 4936132674194340
2023-10-09 23:15:59,021 - WARNING - weibo.py[:1066] - 未能抓取完整转发 微博id: 4936132674194340
2023-10-09 23:16:09,015 - WARNING - weibo.py[:1008] - 未能抓取完整评论 微博id: 4935423002677732
2023-10-09 23:16:12,113 - WARNING - weibo.py[:1066] - 未能抓取完整转发 微博id: 4935423002677732
2023-10-09 23:16:18,747 - WARNING - weibo.py[:1008] - 未能抓取完整评论 微博id: 4935324847838377
2023-10-09 23:16:24,853 - WARNING - weibo.py[:1066] - 未能抓取完整转发 微博id: 4935324847838377
2023-10-09 23:16:29,629 - WARNING - weibo.py[:1008] - 未能抓取完整评论 微博id: 4934577426006761
2023-10-09 23:16:33,796 - WARNING - weibo.py[:1066] - 未能抓取完整转发 微博id: 4934577426006761
2023-10-09 23:16:44,551 - WARNING - weibo.py[:1008] - 未能抓取完整评论 微博id: 4934215038929270
2023-10-09 23:16:50,655 - WARNING - weibo.py[:1066] - 未能抓取完整转发 微博id: 4934215038929270
2023-10-09 23:16:58,437 - WARNING - weibo.py[:1008] - 未能抓取完整评论 微博id: 4933852655517779
2023-10-09 23:17:03,567 - WARNING - weibo.py[:1066] - 未能抓取完整转发 微博id: 4933852655517779
2023-10-09 23:17:10,242 - WARNING - weibo.py[:1008] - 未能抓取完整评论 微博id: 4933583909422316
2023-10-09 23:17:14,346 - WARNING - weibo.py[:1066] - 未能抓取完整转发 微博id: 4933583909422316
2023-10-09 23:17:23,930 - WARNING - weibo.py[:1008] - 未能抓取完整评论 微博id: 4933112439505151
2023-10-09 23:17:30,066 - WARNING - weibo.py[:1066] - 未能抓取完整转发 微博id: 4933112439505151
2023-10-09 23:34:30,613 - WARNING - weibo.py[:1008] - 未能抓取完整评论 微博id: 4952319584633555
2023-10-09 23:34:34,792 - WARNING - weibo.py[:1066] - 未能抓取完整转发 微博id: 4952319584633555
2023-10-09 23:34:39,362 - WARNING - weibo.py[:1008] - 未能抓取完整评论 微博id: 4951232164923466
2023-10-09 23:34:45,503 - WARNING - weibo.py[:1066] - 未能抓取完整转发 微博id: 4951232164923466
2023-10-09 23:34:50,088 - WARNING - weibo.py[:1008] - 未能抓取完整评论 微博id: 4951046352799362
2023-10-09 23:34:54,242 - WARNING - weibo.py[:1066] - 未能抓取完整转发 微博id: 4951046352799362
2023-10-09 23:35:00,927 - WARNING - weibo.py[:1008] - 未能抓取完整评论 微博id: 4950979764290708
2023-10-09 23:35:06,073 - WARNING - weibo.py[:1066] - 未能抓取完整转发 微博id: 4950979764290708
2023-10-09 23:35:14,748 - WARNING - weibo.py[:1008] - 未能抓取完整评论 微博id: 4950689005965213
2023-10-09 23:35:18,898 - WARNING - weibo.py[:1066] - 未能抓取完整转发 微博id: 4950689005965213
2023-10-09 23:35:26,472 - WARNING - weibo.py[:1008] - 未能抓取完整评论 微博id: 4950264111433993
2023-10-09 23:35:30,633 - WARNING - weibo.py[:1066] - 未能抓取完整转发 微博id: 4950264111433993
2023-10-09 23:35:36,286 - WARNING - weibo.py[:1008] - 未能抓取完整评论 微博id: 4949223487837570
2023-10-09 23:35:41,418 - WARNING - weibo.py[:1066] - 未能抓取完整转发 微博id: 4949223487837570
2023-10-09 23:35:48,140 - WARNING - weibo.py[:1008] - 未能抓取完整评论 微博id: 4948904833190636
2023-10-09 23:35:54,303 - WARNING - weibo.py[:1066] - 未能抓取完整转发 微博id: 4948904833190636
2023-10-09 23:36:05,919 - WARNING - weibo.py[:1008] - 未能抓取完整评论 微博id: 4947752490635426
2023-10-09 23:36:11,103 - WARNING - weibo.py[:1066] - 未能抓取完整转发 微博id: 4947752490635426
2023-10-09 23:36:16,742 - WARNING - weibo.py[:1008] - 未能抓取完整评论 微博id: 4947738510229678
2023-10-09 23:36:21,895 - WARNING - weibo.py[:1066] - 未能抓取完整转发 微博id: 4947738510229678
2023-10-09 23:36:23,514 - WARNING - weibo.py[:1008] - 未能抓取完整评论 微博id: 4945447083574267
2023-10-09 23:36:26,661 - WARNING - weibo.py[:1066] - 未能抓取完整转发 微博id: 4945447083574267
2023-10-09 23:36:31,174 - WARNING - weibo.py[:1008] - 未能抓取完整评论 微博id: 4944363908235866
2023-10-09 23:36:35,311 - WARNING - weibo.py[:1066] - 未能抓取完整转发 微博id: 4944363908235866
2023-10-09 23:36:44,881 - WARNING - weibo.py[:1008] - 未能抓取完整评论 微博id: 4943033139728750
2023-10-09 23:36:51,010 - WARNING - weibo.py[:1066] - 未能抓取完整转发 微博id: 4943033139728750
2023-10-09 23:37:00,807 - WARNING - weibo.py[:1008] - 未能抓取完整评论 微博id: 4942898754487281
2023-10-09 23:37:05,935 - WARNING - weibo.py[:1066] - 未能抓取完整转发 微博id: 4942898754487281
2023-10-09 23:37:16,598 - WARNING - weibo.py[:1008] - 未能抓取完整评论 微博id: 4940798413768158
2023-10-09 23:37:21,744 - WARNING - weibo.py[:1066] - 未能抓取完整转发 微博id: 4940798413768158
2023-10-09 23:37:29,680 - WARNING - weibo.py[:1008] - 未能抓取完整评论 微博id: 4938762711731803
2023-10-09 23:37:34,810 - WARNING - weibo.py[:1066] - 未能抓取完整转发 微博id: 4938762711731803
2023-10-09 23:37:39,434 - WARNING - weibo.py[:1008] - 未能抓取完整评论 微博id: 4937939220697880
2023-10-09 23:37:44,542 - WARNING - weibo.py[:1066] - 未能抓取完整转发 微博id: 4937939220697880
2023-10-09 23:37:53,316 - WARNING - weibo.py[:1008] - 未能抓取完整评论 微博id: 4937621183139118
2023-10-09 23:37:57,452 - WARNING - weibo.py[:1066] - 未能抓取完整转发 微博id: 4937621183139118
2023-10-09 23:38:05,252 - WARNING - weibo.py[:1008] - 未能抓取完整评论 微博id: 4937587259608203
2023-10-09 23:38:08,384 - WARNING - weibo.py[:1066] - 未能抓取完整转发 微博id: 4937587259608203
2023-10-09 23:38:18,185 - WARNING - weibo.py[:1008] - 未能抓取完整评论 微博id: 4936389365601599
2023-10-09 23:38:23,305 - WARNING - weibo.py[:1066] - 未能抓取完整转发 微博id: 4936389365601599
2023-10-09 23:38:25,882 - WARNING - weibo.py[:1008] - 未能抓取完整评论 微博id: 4936132674194340
2023-10-09 23:38:32,047 - WARNING - weibo.py[:1066] - 未能抓取完整转发 微博id: 4936132674194340
2023-10-09 23:38:37,889 - WARNING - weibo.py[:1008] - 未能抓取完整评论 微博id: 4935423002677732
2023-10-09 23:38:41,032 - WARNING - weibo.py[:1066] - 未能抓取完整转发 微博id: 4935423002677732
2023-10-09 23:38:50,783 - WARNING - weibo.py[:1008] - 未能抓取完整评论 微博id: 4935324847838377
2023-10-09 23:38:55,918 - WARNING - weibo.py[:1066] - 未能抓取完整转发 微博id: 4935324847838377
2023-10-09 23:39:05,712 - WARNING - weibo.py[:1008] - 未能抓取完整评论 微博id: 4934577426006761
2023-10-09 23:39:11,878 - WARNING - weibo.py[:1066] - 未能抓取完整转发 微博id: 4934577426006761
2023-10-09 23:39:23,557 - WARNING - weibo.py[:1008] - 未能抓取完整评论 微博id: 4934215038929270
2023-10-09 23:39:28,702 - WARNING - weibo.py[:1066] - 未能抓取完整转发 微博id: 4934215038929270
2023-10-09 23:39:33,697 - WARNING - weibo.py[:1008] - 未能抓取完整评论 微博id: 4933852655517779
2023-10-09 23:39:38,852 - WARNING - weibo.py[:1066] - 未能抓取完整转发 微博id: 4933852655517779
2023-10-09 23:39:47,389 - WARNING - weibo.py[:1008] - 未能抓取完整评论 微博id: 4933583909422316
2023-10-09 23:39:53,548 - WARNING - weibo.py[:1066] - 未能抓取完整转发 微博id: 4933583909422316
2023-10-09 23:40:02,228 - WARNING - weibo.py[:1008] - 未能抓取完整评论 微博id: 4933112439505151
2023-10-09 23:40:07,366 - WARNING - weibo.py[:1066] - 未能抓取完整转发 微博id: 4933112439505151
2023-10-09 23:41:40,752 - WARNING - weibo.py[:1008] - 未能抓取完整评论 微博id: 4954901345207820
2023-10-09 23:41:46,926 - WARNING - weibo.py[:1066] - 未能抓取完整转发 微博id: 4954901345207820
2023-10-09 23:41:56,743 - WARNING - weibo.py[:1008] - 未能抓取完整评论 微博id: 4954599356893911
2023-10-09 23:41:59,934 - WARNING - weibo.py[:1066] - 未能抓取完整转发 微博id: 4954599356893911
2023-10-09 23:42:09,399 - WARNING - weibo.py[:1066] - 未能抓取完整转发 微博id: 4954538954459468
2023-10-09 23:42:16,109 - WARNING - weibo.py[:1008] - 未能抓取完整评论 微博id: 4951837645210914
2023-10-09 23:42:22,295 - WARNING - weibo.py[:1066] - 未能抓取完整转发 微博id: 4951837645210914
2023-10-09 23:42:29,238 - WARNING - weibo.py[:1008] - 未能抓取完整评论 微博id: 4947773079158815
2023-10-09 23:42:35,407 - WARNING - weibo.py[:1066] - 未能抓取完整转发 微博id: 4947773079158815
2023-10-09 23:42:41,086 - WARNING - weibo.py[:1008] - 未能抓取完整评论 微博id: 4947320250303612
2023-10-09 23:42:44,315 - WARNING - weibo.py[:1066] - 未能抓取完整转发 微博id: 4947320250303612
2023-10-09 23:42:50,941 - WARNING - weibo.py[:1008] - 未能抓取完整评论 微博id: 4944598297740136
2023-10-09 23:42:54,125 - WARNING - weibo.py[:1066] - 未能抓取完整转发 微博id: 4944598297740136
2023-10-09 23:43:01,856 - WARNING - weibo.py[:1008] - 未能抓取完整评论 微博id: 4944482783466211
2023-10-09 23:43:07,976 - WARNING - weibo.py[:1066] - 未能抓取完整转发 微博id: 4944482783466211
2023-10-09 23:43:15,584 - WARNING - weibo.py[:1008] - 未能抓取完整评论 微博id: 4944399279327480
2023-10-09 23:43:21,745 - WARNING - weibo.py[:1066] - 未能抓取完整转发 微博id: 4944399279327480
2023-10-09 23:43:31,372 - WARNING - weibo.py[:1008] - 未能抓取完整评论 微博id: 4944106116617230
2023-10-09 23:43:35,512 - WARNING - weibo.py[:1066] - 未能抓取完整转发 微博id: 4944106116617230
2023-10-09 23:43:39,180 - WARNING - weibo.py[:1008] - 未能抓取完整评论 微博id: 4943743373543979
2023-10-09 23:43:44,291 - WARNING - weibo.py[:1066] - 未能抓取完整转发 微博id: 4943743373543979
2023-10-09 23:43:52,026 - WARNING - weibo.py[:1008] - 未能抓取完整评论 微博id: 4943380536888053
2023-10-09 23:43:55,228 - WARNING - weibo.py[:1066] - 未能抓取完整转发 微博id: 4943380536888053
2023-10-09 23:44:02,897 - WARNING - weibo.py[:1008] - 未能抓取完整评论 微博id: 4942689130777902
2023-10-09 23:44:07,044 - WARNING - weibo.py[:1066] - 未能抓取完整转发 微博id: 4942689130777902
2023-10-09 23:44:14,908 - WARNING - weibo.py[:1008] - 未能抓取完整评论 微博id: 4941589158040584
2023-10-09 23:44:20,064 - WARNING - weibo.py[:1066] - 未能抓取完整转发 微博id: 4941589158040584
2023-10-09 23:44:25,714 - WARNING - weibo.py[:1008] - 未能抓取完整评论 微博id: 4939296124966079
2023-10-09 23:44:30,872 - WARNING - weibo.py[:1066] - 未能抓取完整转发 微博id: 4939296124966079
2023-10-09 23:44:37,955 - WARNING - weibo.py[:1008] - 未能抓取完整评论 微博id: 4939047052512312
2023-10-09 23:44:43,110 - WARNING - weibo.py[:1066] - 未能抓取完整转发 微博id: 4939047052512312
2023-10-09 23:44:52,869 - WARNING - weibo.py[:1008] - 未能抓取完整评论 微博id: 4938684654161409
2023-10-09 23:44:57,034 - WARNING - weibo.py[:1066] - 未能抓取完整转发 微博id: 4938684654161409
2023-10-09 23:45:01,742 - WARNING - weibo.py[:1008] - 未能抓取完整评论 微博id: 4938031813363713
2023-10-09 23:45:07,908 - WARNING - weibo.py[:1066] - 未能抓取完整转发 微博id: 4938031813363713
2023-10-09 23:45:14,503 - WARNING - weibo.py[:1008] - 未能抓取完整评论 微博id: 4936122667107855
2023-10-09 23:45:18,625 - WARNING - weibo.py[:1066] - 未能抓取完整转发 微博id: 4936122667107855
2023-10-09 23:45:29,297 - WARNING - weibo.py[:1008] - 未能抓取完整评论 微博id: 4934622733141145
2023-10-09 23:45:35,471 - WARNING - weibo.py[:1066] - 未能抓取完整转发 微博id: 4934622733141145
2023-10-10 10:52:31,647 - WARNING - weibo.py[:1008] - 未能抓取完整评论 微博id: 4954901345207820
2023-10-10 10:52:36,758 - WARNING - weibo.py[:1066] - 未能抓取完整转发 微博id: 4954901345207820
2023-10-10 10:52:44,275 - WARNING - weibo.py[:1008] - 未能抓取完整评论 微博id: 4954599356893911
2023-10-10 10:52:47,389 - WARNING - weibo.py[:1066] - 未能抓取完整转发 微博id: 4954599356893911
2023-10-10 10:52:55,999 - WARNING - weibo.py[:1008] - 未能抓取完整评论 微博id: 4954538954459468
2023-10-10 10:53:01,157 - WARNING - weibo.py[:1066] - 未能抓取完整转发 微博id: 4954538954459468
2023-10-10 10:53:10,938 - WARNING - weibo.py[:1008] - 未能抓取完整评论 微博id: 4951837645210914
2023-10-10 10:53:17,089 - WARNING - weibo.py[:1066] - 未能抓取完整转发 微博id: 4951837645210914
2023-10-10 10:53:27,252 - WARNING - weibo.py[:1008] - 未能抓取完整评论 微博id: 4947773079158815
2023-10-10 10:53:32,470 - WARNING - weibo.py[:1066] - 未能抓取完整转发 微博id: 4947773079158815
2023-10-10 10:53:42,165 - WARNING - weibo.py[:1008] - 未能抓取完整评论 微博id: 4947320250303612
2023-10-10 10:53:48,307 - WARNING - weibo.py[:1066] - 未能抓取完整转发 微博id: 4947320250303612
2023-10-10 10:53:58,486 - WARNING - weibo.py[:1008] - 未能抓取完整评论 微博id: 4944598297740136
2023-10-10 10:54:01,858 - WARNING - weibo.py[:1066] - 未能抓取完整转发 微博id: 4944598297740136
2023-10-10 10:54:12,642 - WARNING - weibo.py[:1008] - 未能抓取完整评论 微博id: 4944482783466211
2023-10-10 10:54:18,740 - WARNING - weibo.py[:1066] - 未能抓取完整转发 微博id: 4944482783466211
2023-10-10 10:54:28,200 - WARNING - weibo.py[:1008] - 未能抓取完整评论 微博id: 4944399279327480
2023-10-10 10:54:34,309 - WARNING - weibo.py[:1066] - 未能抓取完整转发 微博id: 4944399279327480
2023-10-10 10:54:39,841 - WARNING - weibo.py[:1008] - 未能抓取完整评论 微博id: 4944106116617230
2023-10-10 10:54:44,935 - WARNING - weibo.py[:1066] - 未能抓取完整转发 微博id: 4944106116617230
2023-10-10 10:54:49,440 - WARNING - weibo.py[:1008] - 未能抓取完整评论 微博id: 4943743373543979
2023-10-10 10:54:52,551 - WARNING - weibo.py[:1066] - 未能抓取完整转发 微博id: 4943743373543979
2023-10-10 10:55:01,061 - WARNING - weibo.py[:1008] - 未能抓取完整评论 微博id: 4943380536888053
2023-10-10 10:55:07,203 - WARNING - weibo.py[:1066] - 未能抓取完整转发 微博id: 4943380536888053
2023-10-10 10:55:17,686 - WARNING - weibo.py[:1008] - 未能抓取完整评论 微博id: 4942689130777902
2023-10-10 10:55:22,826 - WARNING - weibo.py[:1066] - 未能抓取完整转发 微博id: 4942689130777902
